# JRE version: Java(TM) SE Runtime Environment (8.0_40-b25) (build 1.8.0_40-b25)
# Java VM: Java HotSpot(TM) 64-Bit Server VM (25.40-b25 mixed mode bsd-amd64 compressed oops)
Heap:
 PSYoungGen      total 35328K, used 1873K [0x00000007aab00000, 0x00000007af000000, 0x00000007c0000000)
  eden space 32768K, 5% used [0x00000007aab00000,0x00000007aacd46a8,0x00000007acb00000)
  from space 2560K, 0% used [0x00000007acb00000,0x00000007acb00000,0x00000007acd80000)
  to   space 2560K, 0% used [0x00000007aed80000,0x00000007aed80000,0x00000007af000000)
 ParOldGen       total 30720K, used 8604K [0x0000000780000000, 0x0000000781e00000, 0x00000007aab00000)
  object space 30720K, 28% used [0x0000000780000000,0x0000000780867170,0x0000000781e00000)
 Metaspace       used 20149K, capacity 21444K, committed 21552K, reserved 1067008K
  class space    used 2905K, capacity 3177K, committed 3200K, reserved 1048576K
GC Heap History (10 events):
Event: 0.752 GC heap before
{Heap before GC invocations=1 (full 0):
 PSYoungGen      total 18944K, used 16384K [0x00000007aab00000, 0x00000007ac000000, 0x00000007c0000000)
  eden space 16384K, 100% used [0x00000007aab00000,0x00000007abb00000,0x00000007abb00000)
  from space 2560K, 0% used [0x00000007abd80000,0x00000007abd80000,0x00000007ac000000)
  to   space 2560K, 0% used [0x00000007abb00000,0x00000007abb00000,0x00000007abd80000)
 ParOldGen       total 44032K, used 0K [0x0000000780000000, 0x0000000782b00000, 0x00000007aab00000)
  object space 44032K, 0% used [0x0000000780000000,0x0000000780000000,0x0000000782b00000)
 Metaspace       used 9629K, capacity 9954K, committed 10112K, reserved 1058816K
  class space    used 1215K, capacity 1327K, committed 1408K, reserved 1048576K
Event: 0.772 GC heap after
Heap after GC invocations=1 (full 0):
 PSYoungGen      total 18944K, used 2536K [0x00000007aab00000, 0x00000007ad000000, 0x00000007c0000000)
  eden space 16384K, 0% used [0x00000007aab00000,0x00000007aab00000,0x00000007abb00000)
  from space 2560K, 99% used [0x00000007abb00000,0x00000007abd7a030,0x00000007abd80000)
  to   space 2560K, 0% used [0x00000007acd80000,0x00000007acd80000,0x00000007ad000000)
 ParOldGen       total 44032K, used 72K [0x0000000780000000, 0x0000000782b00000, 0x00000007aab00000)
  object space 44032K, 0% used [0x0000000780000000,0x0000000780012010,0x0000000782b00000)
 Metaspace       used 9629K, capacity 9954K, committed 10112K, reserved 1058816K
  class space    used 1215K, capacity 1327K, committed 1408K, reserved 1048576K
}
Event: 1.087 GC heap before
{Heap before GC invocations=2 (full 0):
 PSYoungGen      total 18944K, used 11277K [0x00000007aab00000, 0x00000007ad000000, 0x00000007c0000000)
  eden space 16384K, 53% used [0x00000007aab00000,0x00000007ab389480,0x00000007abb00000)
  from space 2560K, 99% used [0x00000007abb00000,0x00000007abd7a030,0x00000007abd80000)
  to   space 2560K, 0% used [0x00000007acd80000,0x00000007acd80000,0x00000007ad000000)
 ParOldGen       total 44032K, used 72K [0x0000000780000000, 0x0000000782b00000, 0x00000007aab00000)
  object space 44032K, 0% used [0x0000000780000000,0x0000000780012010,0x0000000782b00000)
 Metaspace       used 12239K, capacity 12652K, committed 12800K, reserved 1060864K
  class space    used 1589K, capacity 1712K, committed 1792K, reserved 1048576K
Event: 1.093 GC heap after
Heap after GC invocations=2 (full 0):
 PSYoungGen      total 35328K, used 2544K [0x00000007aab00000, 0x00000007ad000000, 0x00000007c0000000)
  eden space 32768K, 0% used [0x00000007aab00000,0x00000007aab00000,0x00000007acb00000)
  from space 2560K, 99% used [0x00000007acd80000,0x00000007acffc030,0x00000007ad000000)
  to   space 2560K, 0% used [0x00000007acb00000,0x00000007acb00000,0x00000007acd80000)
 ParOldGen       total 44032K, used 1117K [0x0000000780000000, 0x0000000782b00000, 0x00000007aab00000)
  object space 44032K, 2% used [0x0000000780000000,0x0000000780117428,0x0000000782b00000)
 Metaspace       used 12239K, capacity 12652K, committed 12800K, reserved 1060864K
  class space    used 1589K, capacity 1712K, committed 1792K, reserved 1048576K
}
Event: 1.093 GC heap before
{Heap before GC invocations=3 (full 1):
 PSYoungGen      total 35328K, used 2544K [0x00000007aab00000, 0x00000007ad000000, 0x00000007c0000000)
  eden space 32768K, 0% used [0x00000007aab00000,0x00000007aab00000,0x00000007acb00000)
  from space 2560K, 99% used [0x00000007acd80000,0x00000007acffc030,0x00000007ad000000)
  to   space 2560K, 0% used [0x00000007acb00000,0x00000007acb00000,0x00000007acd80000)
 ParOldGen       total 44032K, used 1117K [0x0000000780000000, 0x0000000782b00000, 0x00000007aab00000)
  object space 44032K, 2% used [0x0000000780000000,0x0000000780117428,0x0000000782b00000)
 Metaspace       used 12239K, capacity 12652K, committed 12800K, reserved 1060864K
  class space    used 1589K, capacity 1712K, committed 1792K, reserved 1048576K
Event: 1.125 GC heap after
Heap after GC invocations=3 (full 1):
 PSYoungGen      total 35328K, used 0K [0x00000007aab00000, 0x00000007ad000000, 0x00000007c0000000)
  eden space 32768K, 0% used [0x00000007aab00000,0x00000007aab00000,0x00000007acb00000)
  from space 2560K, 0% used [0x00000007acd80000,0x00000007acd80000,0x00000007ad000000)
  to   space 2560K, 0% used [0x00000007acb00000,0x00000007acb00000,0x00000007acd80000)
 ParOldGen       total 44032K, used 3609K [0x0000000780000000, 0x0000000782b00000, 0x00000007aab00000)
  object space 44032K, 8% used [0x0000000780000000,0x0000000780386628,0x0000000782b00000)
 Metaspace       used 12239K, capacity 12652K, committed 12800K, reserved 1060864K
  class space    used 1589K, capacity 1712K, committed 1792K, reserved 1048576K
}
Event: 31.393 GC heap before
{Heap before GC invocations=4 (full 1):
 PSYoungGen      total 35328K, used 30739K [0x00000007aab00000, 0x00000007ad000000, 0x00000007c0000000)
  eden space 32768K, 93% used [0x00000007aab00000,0x00000007ac904f08,0x00000007acb00000)
  from space 2560K, 0% used [0x00000007acd80000,0x00000007acd80000,0x00000007ad000000)
  to   space 2560K, 0% used [0x00000007acb00000,0x00000007acb00000,0x00000007acd80000)
 ParOldGen       total 44032K, used 3609K [0x0000000780000000, 0x0000000782b00000, 0x00000007aab00000)
  object space 44032K, 8% used [0x0000000780000000,0x0000000780386628,0x0000000782b00000)
 Metaspace       used 20028K, capacity 21194K, committed 21296K, reserved 1067008K
  class space    used 2899K, capacity 3138K, committed 3200K, reserved 1048576K
Event: 31.407 GC heap after
Heap after GC invocations=4 (full 1):
 PSYoungGen      total 35328K, used 2530K [0x00000007aab00000, 0x00000007af000000, 0x00000007c0000000)
  eden space 32768K, 0% used [0x00000007aab00000,0x00000007aab00000,0x00000007acb00000)
  from space 2560K, 98% used [0x00000007acb00000,0x00000007acd78a90,0x00000007acd80000)
  to   space 2560K, 0% used [0x00000007aed80000,0x00000007aed80000,0x00000007af000000)
 ParOldGen       total 44032K, used 6244K [0x0000000780000000, 0x0000000782b00000, 0x00000007aab00000)
  object space 44032K, 14% used [0x0000000780000000,0x0000000780619288,0x0000000782b00000)
 Metaspace       used 20028K, capacity 21194K, committed 21296K, reserved 1067008K
  class space    used 2899K, capacity 3138K, committed 3200K, reserved 1048576K
}
Event: 31.407 GC heap before
{Heap before GC invocations=5 (full 2):
 PSYoungGen      total 35328K, used 2530K [0x00000007aab00000, 0x00000007af000000, 0x00000007c0000000)
  eden space 32768K, 0% used [0x00000007aab00000,0x00000007aab00000,0x00000007acb00000)
  from space 2560K, 98% used [0x00000007acb00000,0x00000007acd78a90,0x00000007acd80000)
  to   space 2560K, 0% used [0x00000007aed80000,0x00000007aed80000,0x00000007af000000)
 ParOldGen       total 44032K, used 6244K [0x0000000780000000, 0x0000000782b00000, 0x00000007aab00000)
  object space 44032K, 14% used [0x0000000780000000,0x0000000780619288,0x0000000782b00000)
 Metaspace       used 20028K, capacity 21194K, committed 21296K, reserved 1067008K
  class space    used 2899K, capacity 3138K, committed 3200K, reserved 1048576K
Event: 31.475 GC heap after
Heap after GC invocations=5 (full 2):
 PSYoungGen      total 35328K, used 0K [0x00000007aab00000, 0x00000007af000000, 0x00000007c0000000)
  eden space 32768K, 0% used [0x00000007aab00000,0x00000007aab00000,0x00000007acb00000)
  from space 2560K, 0% used [0x00000007acb00000,0x00000007acb00000,0x00000007acd80000)
  to   space 2560K, 0% used [0x00000007aed80000,0x00000007aed80000,0x00000007af000000)
 ParOldGen       total 30720K, used 8604K [0x0000000780000000, 0x0000000781e00000, 0x00000007aab00000)
  object space 30720K, 28% used [0x0000000780000000,0x0000000780867170,0x0000000781e00000)
 Metaspace       used 20028K, capacity 21194K, committed 21296K, reserved 1067008K
  class space    used 2899K, capacity 3138K, committed 3200K, reserved 1048576K
}

