# JRE version: Java(TM) SE Runtime Environment (8.0_40-b25) (build 1.8.0_40-b25)
# Java VM: Java HotSpot(TM) 64-Bit Server VM (25.40-b25 mixed mode bsd-amd64 compressed oops)
Heap:
 PSYoungGen      total 18944K, used 563K [0x00000007aab00000, 0x00000007ac000000, 0x00000007c0000000)
  eden space 16384K, 3% used [0x00000007aab00000,0x00000007aab8cf88,0x00000007abb00000)
  from space 2560K, 0% used [0x00000007abb00000,0x00000007abb00000,0x00000007abd80000)
  to   space 2560K, 0% used [0x00000007abd80000,0x00000007abd80000,0x00000007ac000000)
 ParOldGen       total 29184K, used 8442K [0x0000000780000000, 0x0000000781c80000, 0x00000007aab00000)
  object space 29184K, 28% used [0x0000000780000000,0x000000078083eb60,0x0000000781c80000)
 Metaspace       used 20390K, capacity 21690K, committed 22016K, reserved 1069056K
  class space    used 2891K, capacity 3148K, committed 3200K, reserved 1048576K
GC Heap History (10 events):
Event: 0.977 GC heap before
{Heap before GC invocations=3 (full 1):
 PSYoungGen      total 18944K, used 2528K [0x00000007aab00000, 0x00000007ac000000, 0x00000007c0000000)
  eden space 16384K, 0% used [0x00000007aab00000,0x00000007aab00000,0x00000007abb00000)
  from space 2560K, 98% used [0x00000007abd80000,0x00000007abff8040,0x00000007ac000000)
  to   space 2560K, 0% used [0x00000007abb00000,0x00000007abb00000,0x00000007abd80000)
 ParOldGen       total 44032K, used 1136K [0x0000000780000000, 0x0000000782b00000, 0x00000007aab00000)
  object space 44032K, 2% used [0x0000000780000000,0x000000078011c020,0x0000000782b00000)
 Metaspace       used 12301K, capacity 12708K, committed 13056K, reserved 1060864K
  class space    used 1588K, capacity 1712K, committed 1792K, reserved 1048576K
Event: 1.007 GC heap after
Heap after GC invocations=3 (full 1):
 PSYoungGen      total 18944K, used 0K [0x00000007aab00000, 0x00000007ac000000, 0x00000007c0000000)
  eden space 16384K, 0% used [0x00000007aab00000,0x00000007aab00000,0x00000007abb00000)
  from space 2560K, 0% used [0x00000007abd80000,0x00000007abd80000,0x00000007ac000000)
  to   space 2560K, 0% used [0x00000007abb00000,0x00000007abb00000,0x00000007abd80000)
 ParOldGen       total 44032K, used 3612K [0x0000000780000000, 0x0000000782b00000, 0x00000007aab00000)
  object space 44032K, 8% used [0x0000000780000000,0x0000000780387050,0x0000000782b00000)
 Metaspace       used 12301K, capacity 12708K, committed 13056K, reserved 1060864K
  class space    used 1588K, capacity 1712K, committed 1792K, reserved 1048576K
}
Event: 1.870 GC heap before
{Heap before GC invocations=4 (full 1):
 PSYoungGen      total 18944K, used 14674K [0x00000007aab00000, 0x00000007ac000000, 0x00000007c0000000)
  eden space 16384K, 89% used [0x00000007aab00000,0x00000007ab954b78,0x00000007abb00000)
  from space 2560K, 0% used [0x00000007abd80000,0x00000007abd80000,0x00000007ac000000)
  to   space 2560K, 0% used [0x00000007abb00000,0x00000007abb00000,0x00000007abd80000)
 ParOldGen       total 44032K, used 3612K [0x0000000780000000, 0x0000000782b00000, 0x00000007aab00000)
  object space 44032K, 8% used [0x0000000780000000,0x0000000780387050,0x0000000782b00000)
 Metaspace       used 17406K, capacity 18052K, committed 18176K, reserved 1064960K
  class space    used 2561K, capacity 2716K, committed 2816K, reserved 1048576K
Event: 1.874 GC heap after
Heap after GC invocations=4 (full 1):
 PSYoungGen      total 18944K, used 1650K [0x00000007aab00000, 0x00000007ac000000, 0x00000007c0000000)
  eden space 16384K, 0% used [0x00000007aab00000,0x00000007aab00000,0x00000007abb00000)
  from space 2560K, 64% used [0x00000007abb00000,0x00000007abc9ca80,0x00000007abd80000)
  to   space 2560K, 0% used [0x00000007abd80000,0x00000007abd80000,0x00000007ac000000)
 ParOldGen       total 44032K, used 3620K [0x0000000780000000, 0x0000000782b00000, 0x00000007aab00000)
  object space 44032K, 8% used [0x0000000780000000,0x0000000780389050,0x0000000782b00000)
 Metaspace       used 17406K, capacity 18052K, committed 18176K, reserved 1064960K
  class space    used 2561K, capacity 2716K, committed 2816K, reserved 1048576K
}
Event: 76.671 GC heap before
{Heap before GC invocations=5 (full 1):
 PSYoungGen      total 18944K, used 18034K [0x00000007aab00000, 0x00000007ac000000, 0x00000007c0000000)
  eden space 16384K, 100% used [0x00000007aab00000,0x00000007abb00000,0x00000007abb00000)
  from space 2560K, 64% used [0x00000007abb00000,0x00000007abc9ca80,0x00000007abd80000)
  to   space 2560K, 0% used [0x00000007abd80000,0x00000007abd80000,0x00000007ac000000)
 ParOldGen       total 44032K, used 3620K [0x0000000780000000, 0x0000000782b00000, 0x00000007aab00000)
  object space 44032K, 8% used [0x0000000780000000,0x0000000780389050,0x0000000782b00000)
 Metaspace       used 20200K, capacity 21454K, committed 21632K, reserved 1067008K
  class space    used 2882K, capacity 3138K, committed 3200K, reserved 1048576K
Event: 76.682 GC heap after
Heap after GC invocations=5 (full 1):
 PSYoungGen      total 18944K, used 2544K [0x00000007aab00000, 0x00000007ac000000, 0x00000007c0000000)
  eden space 16384K, 0% used [0x00000007aab00000,0x00000007aab00000,0x00000007abb00000)
  from space 2560K, 99% used [0x00000007abd80000,0x00000007abffc010,0x00000007ac000000)
  to   space 2560K, 0% used [0x00000007abb00000,0x00000007abb00000,0x00000007abd80000)
 ParOldGen       total 44032K, used 8125K [0x0000000780000000, 0x0000000782b00000, 0x00000007aab00000)
  object space 44032K, 18% used [0x0000000780000000,0x00000007807ef750,0x0000000782b00000)
 Metaspace       used 20200K, capacity 21454K, committed 21632K, reserved 1067008K
  class space    used 2882K, capacity 3138K, committed 3200K, reserved 1048576K
}
Event: 124.543 GC heap before
{Heap before GC invocations=6 (full 1):
 PSYoungGen      total 18944K, used 6628K [0x00000007aab00000, 0x00000007ac000000, 0x00000007c0000000)
  eden space 16384K, 24% used [0x00000007aab00000,0x00000007aaefd3b8,0x00000007abb00000)
  from space 2560K, 99% used [0x00000007abd80000,0x00000007abffc010,0x00000007ac000000)
  to   space 2560K, 0% used [0x00000007abb00000,0x00000007abb00000,0x00000007abd80000)
 ParOldGen       total 44032K, used 8125K [0x0000000780000000, 0x0000000782b00000, 0x00000007aab00000)
  object space 44032K, 18% used [0x0000000780000000,0x00000007807ef750,0x0000000782b00000)
 Metaspace       used 20387K, capacity 21620K, committed 21760K, reserved 1069056K
  class space    used 2890K, capacity 3147K, committed 3200K, reserved 1048576K
Event: 124.548 GC heap after
Heap after GC invocations=6 (full 1):
 PSYoungGen      total 18944K, used 2528K [0x00000007aab00000, 0x00000007ac000000, 0x00000007c0000000)
  eden space 16384K, 0% used [0x00000007aab00000,0x00000007aab00000,0x00000007abb00000)
  from space 2560K, 98% used [0x00000007abb00000,0x00000007abd78000,0x00000007abd80000)
  to   space 2560K, 0% used [0x00000007abd80000,0x00000007abd80000,0x00000007ac000000)
 ParOldGen       total 44032K, used 8133K [0x0000000780000000, 0x0000000782b00000, 0x00000007aab00000)
  object space 44032K, 18% used [0x0000000780000000,0x00000007807f1750,0x0000000782b00000)
 Metaspace       used 20387K, capacity 21620K, committed 21760K, reserved 1069056K
  class space    used 2890K, capacity 3147K, committed 3200K, reserved 1048576K
}
Event: 124.548 GC heap before
{Heap before GC invocations=7 (full 2):
 PSYoungGen      total 18944K, used 2528K [0x00000007aab00000, 0x00000007ac000000, 0x00000007c0000000)
  eden space 16384K, 0% used [0x00000007aab00000,0x00000007aab00000,0x00000007abb00000)
  from space 2560K, 98% used [0x00000007abb00000,0x00000007abd78000,0x00000007abd80000)
  to   space 2560K, 0% used [0x00000007abd80000,0x00000007abd80000,0x00000007ac000000)
 ParOldGen       total 44032K, used 8133K [0x0000000780000000, 0x0000000782b00000, 0x00000007aab00000)
  object space 44032K, 18% used [0x0000000780000000,0x00000007807f1750,0x0000000782b00000)
 Metaspace       used 20387K, capacity 21620K, committed 21760K, reserved 1069056K
  class space    used 2890K, capacity 3147K, committed 3200K, reserved 1048576K
Event: 124.587 GC heap after
Heap after GC invocations=7 (full 2):
 PSYoungGen      total 18944K, used 0K [0x00000007aab00000, 0x00000007ac000000, 0x00000007c0000000)
  eden space 16384K, 0% used [0x00000007aab00000,0x00000007aab00000,0x00000007abb00000)
  from space 2560K, 0% used [0x00000007abb00000,0x00000007abb00000,0x00000007abd80000)
  to   space 2560K, 0% used [0x00000007abd80000,0x00000007abd80000,0x00000007ac000000)
 ParOldGen       total 29184K, used 8442K [0x0000000780000000, 0x0000000781c80000, 0x00000007aab00000)
  object space 29184K, 28% used [0x0000000780000000,0x000000078083eb60,0x0000000781c80000)
 Metaspace       used 20387K, capacity 21620K, committed 21760K, reserved 1069056K
  class space    used 2890K, capacity 3147K, committed 3200K, reserved 1048576K
}

